Object not found: C1 2,2uF [Package: C_0603_HandSoldering, Library: C_0603_HandSoldering]
Object not found: C2 2,2uF [Package: C_0603_HandSoldering, Library: C_0603_HandSoldering]
Object not found: C3 2,2uF [Package: C_0603_HandSoldering, Library: C_0603_HandSoldering]
Object not found: C4 1uF [Package: C_0603_HandSoldering, Library: C_0603_HandSoldering]
Object not found: C5 1uF [Package: C_0603_HandSoldering, Library: C_0603_HandSoldering]
Object not found: C6 1uF [Package: C_0603_HandSoldering, Library: C_0603_HandSoldering]
Object not found: C7 1uF [Package: C_0603_HandSoldering, Library: C_0603_HandSoldering]
Object not found: C8 1uF [Package: C_0603_HandSoldering, Library: C_0603_HandSoldering]
Object not found: C9 2,2uF [Package: C_0603_HandSoldering, Library: C_0603_HandSoldering]
Object not found: C10 0.1uF [Package: C_0603_HandSoldering, Library: C_0603_HandSoldering]
Object not found: C11 1uF [Package: C_0603_HandSoldering, Library: C_0603_HandSoldering]
Object not found: C12 1uF [Package: C_0603_HandSoldering, Library: C_0603_HandSoldering]
Object not found: C13 1uF [Package: C_0603_HandSoldering, Library: C_0603_HandSoldering]
Object not found: P2 DISPLAY_VCC_CON [Package: disp_nap, Library: disp_nap]
Object not found: R1 390 [Package: R_0603_HandSoldering, Library: R_0603_HandSoldering]
Object not found: R2 390 [Package: R_0603_HandSoldering, Library: R_0603_HandSoldering]
Object not found: R3 390 [Package: R_0603_HandSoldering, Library: R_0603_HandSoldering]
Object not found: R4 390 [Package: R_0603_HandSoldering, Library: R_0603_HandSoldering]
Object not found: R5 30K [Package: R_0603_HandSoldering, Library: R_0603_HandSoldering]
Object not found: R6 40K [Package: R_0603_HandSoldering, Library: R_0603_HandSoldering]
Object not found: R7 10K [Package: R_0603_HandSoldering, Library: R_0603_HandSoldering]
Object not found: R8 40K [Package: R_0603_HandSoldering, Library: R_0603_HandSoldering]
Object not found: R9 10K [Package: R_0603_HandSoldering, Library: R_0603_HandSoldering]
Object not found: R10 10K [Package: R_0603_HandSoldering, Library: R_0603_HandSoldering]
Object not found: R11 10K [Package: R_0603_HandSoldering, Library: R_0603_HandSoldering]
Object not found: R12 10K [Package: R_0603_HandSoldering, Library: R_0603_HandSoldering]
Object not found: R13 10K [Package: R_0603_HandSoldering, Library: R_0603_HandSoldering]
Object not found: R14 10K [Package: R_0603_HandSoldering, Library: R_0603_HandSoldering]
Object not found: XTAL 12MHz [Package: resonator12MHz, Library: resonator12MHz]
Object not found: U1 MCP2210 [Package: SOIC-20_7.5x12.8mm_Pitch1.27mm, Library: SOIC-20_7.5x12.8mm_Pitch1.27mm]
Object not found: U2 MIC5504-3.3 [Package: SOT-23-5, Library: SOT-23-5]
Object not found: U4 LM239 [Package: SOIC-14_3.9x8.7mm_Pitch1.27mm, Library: SOIC-14_3.9x8.7mm_Pitch1.27mm]
Object not found: P3 USB_B [Package: USB_B, Library: USB_B]
Object not found: U3 Joystick [Package: Joysti, Library: Joysti]
Object not found: C14 0 [Package: C_0603_HandSoldering, Library: C_0603_HandSoldering]
Object not found: C15 0 [Package: C_0603_HandSoldering, Library: C_0603_HandSoldering]
Object not found: C16 0 [Package: C_0603_HandSoldering, Library: C_0603_HandSoldering]
Object not found: C17 0 [Package: C_0603_HandSoldering, Library: C_0603_HandSoldering]
Object not found: C18 0 [Package: C_0603_HandSoldering, Library: C_0603_HandSoldering]
Object not found: C19 0 [Package: C_0603_HandSoldering, Library: C_0603_HandSoldering]
Object not found: C20 0 [Package: C_0603_HandSoldering, Library: C_0603_HandSoldering]
Object not found: C21 10nF [Package: C_0603_HandSoldering, Library: C_0603_HandSoldering]
Object not found: R15 3k9 [Package: R_0603_HandSoldering, Library: R_0603_HandSoldering]
Object not found: R16 68k [Package: R_0603_HandSoldering, Library: R_0603_HandSoldering]
Object not found: R17 10K [Package: R_0603_HandSoldering, Library: R_0603_HandSoldering]
Object not found: R18 10K [Package: R_0603_HandSoldering, Library: R_0603_HandSoldering]
Object not found: U5 CD4532 [Package: SOIC-16_3.9x9.9mm_Pitch1.27mm, Library: SOIC-16_3.9x9.9mm_Pitch1.27mm]
Object not found: U7 NE555 [Package: SOIC-8_3.9x4.9mm_Pitch1.27mm, Library: SOIC-8_3.9x4.9mm_Pitch1.27mm]
Object not found: P1 DISPLAY_CONN [Package: ZIF36, Library: ZIF36]
Object not found: REF** MountingHole_2.7mm_M2.5_ISO7380_Pad [Package: MountingHole_2.7mm_M2.5_ISO7380_Pa, Library: MountingHole_2.7mm_M2.5_ISO7380_Pa]
Object not found: D1 LED [Package: LED-3MM, Library: LED-3MM]
Object not found: R19 390R [Package: R_0603_HandSoldering, Library: R_0603_HandSoldering]
Object not found: U8 BS800N [Package: BS-800-N, Library: BS-800-N]
Object not found: U9 BS800N [Package: BS-800-N, Library: BS-800-N]
Object not found: U6 NPIC6c596 [Package: SOIC-16_3.9x9.9mm_Pitch1.27mm, Library: SOIC-16_3.9x9.9mm_Pitch1.27mm]
Object not found: SP1 SPEAKER [Package: buzer, Library: buzer]
Object not found: R20 0R [Package: R_0603_HandSoldering, Library: R_0603_HandSoldering]
